   1              		.syntax unified
   2              		.cpu cortex-m4
   3              		.fpu softvfp
   4              		.eabi_attribute 20, 1
   5              		.eabi_attribute 21, 1
   6              		.eabi_attribute 23, 3
   7              		.eabi_attribute 24, 1
   8              		.eabi_attribute 25, 1
   9              		.eabi_attribute 26, 1
  10              		.eabi_attribute 30, 1
  11              		.eabi_attribute 34, 1
  12              		.eabi_attribute 18, 4
  13              		.thumb
  14              		.syntax unified
  15              		.file	"_exit.c"
  16              		.text
  17              	.Ltext0:
  18              		.cfi_sections	.debug_frame
  19              		.section	.text._exit,"ax",%progbits
  20              		.align	2
  21              		.weak	_exit
  22              		.thumb
  23              		.thumb_func
  25              	_exit:
  26              	.LFB0:
  27              		.file 1 "../system/src/newlib/_exit.c"
   1:../system/src/newlib/_exit.c **** /*
   2:../system/src/newlib/_exit.c ****  * This file is part of the µOS++ distribution.
   3:../system/src/newlib/_exit.c ****  *   (https://github.com/micro-os-plus)
   4:../system/src/newlib/_exit.c ****  * Copyright (c) 2014 Liviu Ionescu.
   5:../system/src/newlib/_exit.c ****  *
   6:../system/src/newlib/_exit.c ****  * Permission is hereby granted, free of charge, to any person
   7:../system/src/newlib/_exit.c ****  * obtaining a copy of this software and associated documentation
   8:../system/src/newlib/_exit.c ****  * files (the "Software"), to deal in the Software without
   9:../system/src/newlib/_exit.c ****  * restriction, including without limitation the rights to use,
  10:../system/src/newlib/_exit.c ****  * copy, modify, merge, publish, distribute, sublicense, and/or
  11:../system/src/newlib/_exit.c ****  * sell copies of the Software, and to permit persons to whom
  12:../system/src/newlib/_exit.c ****  * the Software is furnished to do so, subject to the following
  13:../system/src/newlib/_exit.c ****  * conditions:
  14:../system/src/newlib/_exit.c ****  *
  15:../system/src/newlib/_exit.c ****  * The above copyright notice and this permission notice shall be
  16:../system/src/newlib/_exit.c ****  * included in all copies or substantial portions of the Software.
  17:../system/src/newlib/_exit.c ****  *
  18:../system/src/newlib/_exit.c ****  * THE SOFTWARE IS PROVIDED "AS IS", WITHOUT WARRANTY OF ANY KIND,
  19:../system/src/newlib/_exit.c ****  * EXPRESS OR IMPLIED, INCLUDING BUT NOT LIMITED TO THE WARRANTIES
  20:../system/src/newlib/_exit.c ****  * OF MERCHANTABILITY, FITNESS FOR A PARTICULAR PURPOSE AND
  21:../system/src/newlib/_exit.c ****  * NONINFRINGEMENT. IN NO EVENT SHALL THE AUTHORS OR COPYRIGHT
  22:../system/src/newlib/_exit.c ****  * HOLDERS BE LIABLE FOR ANY CLAIM, DAMAGES OR OTHER LIABILITY,
  23:../system/src/newlib/_exit.c ****  * WHETHER IN AN ACTION OF CONTRACT, TORT OR OTHERWISE, ARISING
  24:../system/src/newlib/_exit.c ****  * FROM, OUT OF OR IN CONNECTION WITH THE SOFTWARE OR THE USE OR
  25:../system/src/newlib/_exit.c ****  * OTHER DEALINGS IN THE SOFTWARE.
  26:../system/src/newlib/_exit.c ****  */
  27:../system/src/newlib/_exit.c **** 
  28:../system/src/newlib/_exit.c **** // ----------------------------------------------------------------------------
  29:../system/src/newlib/_exit.c **** 
  30:../system/src/newlib/_exit.c **** #include <stdlib.h>
  31:../system/src/newlib/_exit.c **** #include "diag/Trace.h"
  32:../system/src/newlib/_exit.c **** 
  33:../system/src/newlib/_exit.c **** // ----------------------------------------------------------------------------
  34:../system/src/newlib/_exit.c **** 
  35:../system/src/newlib/_exit.c **** #if !defined(DEBUG)
  36:../system/src/newlib/_exit.c **** extern void
  37:../system/src/newlib/_exit.c **** __attribute__((noreturn))
  38:../system/src/newlib/_exit.c **** __reset_hardware(void);
  39:../system/src/newlib/_exit.c **** #endif
  40:../system/src/newlib/_exit.c **** 
  41:../system/src/newlib/_exit.c **** // ----------------------------------------------------------------------------
  42:../system/src/newlib/_exit.c **** 
  43:../system/src/newlib/_exit.c **** // Forward declaration
  44:../system/src/newlib/_exit.c **** 
  45:../system/src/newlib/_exit.c **** void
  46:../system/src/newlib/_exit.c **** _exit(int code);
  47:../system/src/newlib/_exit.c **** 
  48:../system/src/newlib/_exit.c **** // ----------------------------------------------------------------------------
  49:../system/src/newlib/_exit.c **** 
  50:../system/src/newlib/_exit.c **** // On Release, call the hardware reset procedure.
  51:../system/src/newlib/_exit.c **** // On Debug we just enter an infinite loop, to be used as landmark when halting
  52:../system/src/newlib/_exit.c **** // the debugger.
  53:../system/src/newlib/_exit.c **** //
  54:../system/src/newlib/_exit.c **** // It can be redefined in the application, if more functionality
  55:../system/src/newlib/_exit.c **** // is required.
  56:../system/src/newlib/_exit.c **** 
  57:../system/src/newlib/_exit.c **** void
  58:../system/src/newlib/_exit.c **** __attribute__((weak))
  59:../system/src/newlib/_exit.c **** _exit(int code __attribute__((unused)))
  60:../system/src/newlib/_exit.c **** {
  28              		.loc 1 60 0
  29              		.cfi_startproc
  30              		@ Volatile: function does not return.
  31              		@ args = 0, pretend = 0, frame = 0
  32              		@ frame_needed = 0, uses_anonymous_args = 0
  33              		@ link register save eliminated.
  34              	.LVL0:
  35              	.L2:
  36 0000 FEE7     		b	.L2
  37              		.cfi_endproc
  38              	.LFE0:
  40 0002 00BF     		.section	.text.abort,"ax",%progbits
  41              		.align	2
  42              		.weak	abort
  43              		.thumb
  44              		.thumb_func
  46              	abort:
  47              	.LFB1:
  61:../system/src/newlib/_exit.c **** #if !defined(DEBUG)
  62:../system/src/newlib/_exit.c ****   __reset_hardware();
  63:../system/src/newlib/_exit.c **** #endif
  64:../system/src/newlib/_exit.c **** 
  65:../system/src/newlib/_exit.c ****   // TODO: write on trace
  66:../system/src/newlib/_exit.c ****   while (1)
  67:../system/src/newlib/_exit.c ****     ;
  68:../system/src/newlib/_exit.c **** }
  69:../system/src/newlib/_exit.c **** 
  70:../system/src/newlib/_exit.c **** // ----------------------------------------------------------------------------
  71:../system/src/newlib/_exit.c **** 
  72:../system/src/newlib/_exit.c **** void
  73:../system/src/newlib/_exit.c **** __attribute__((weak,noreturn))
  74:../system/src/newlib/_exit.c **** abort(void)
  75:../system/src/newlib/_exit.c **** {
  48              		.loc 1 75 0
  49              		.cfi_startproc
  50              		@ Volatile: function does not return.
  51              		@ args = 0, pretend = 0, frame = 0
  52              		@ frame_needed = 0, uses_anonymous_args = 0
  53              		.loc 1 75 0
  54 0000 08B5     		push	{r3, lr}
  55              		.cfi_def_cfa_offset 8
  56              		.cfi_offset 3, -8
  57              		.cfi_offset 14, -4
  76:../system/src/newlib/_exit.c ****   trace_puts("abort(), exiting...");
  58              		.loc 1 76 0
  59 0002 0348     		ldr	r0, .L5
  60 0004 FFF7FEFF 		bl	trace_puts
  61              	.LVL1:
  77:../system/src/newlib/_exit.c **** 
  78:../system/src/newlib/_exit.c ****   _exit(1);
  62              		.loc 1 78 0
  63 0008 0120     		movs	r0, #1
  64 000a FFF7FEFF 		bl	_exit
  65              	.LVL2:
  66              	.L6:
  67 000e 00BF     		.align	2
  68              	.L5:
  69 0010 00000000 		.word	.LC0
  70              		.cfi_endproc
  71              	.LFE1:
  73              		.section	.rodata.str1.4,"aMS",%progbits,1
  74              		.align	2
  75              	.LC0:
  76 0000 61626F72 		.ascii	"abort(), exiting...\000"
  76      7428292C 
  76      20657869 
  76      74696E67 
  76      2E2E2E00 
  77              		.text
  78              	.Letext0:
  79              		.file 2 "e:\\iti_9_months\\embeddedsystems\\tourkey\\tools\\arm gcc\\arm-none-eabi\\include\\sys\\
  80              		.file 3 "e:\\iti_9_months\\embeddedsystems\\tourkey\\tools\\arm gcc\\arm-none-eabi\\include\\stdli
  81              		.file 4 "../system/include/diag/Trace.h"
DEFINED SYMBOLS
                            *ABS*:00000000 _exit.c
C:\Users\NoteBook\AppData\Local\Temp\ccWajlTh.s:20     .text._exit:00000000 $t
C:\Users\NoteBook\AppData\Local\Temp\ccWajlTh.s:25     .text._exit:00000000 _exit
C:\Users\NoteBook\AppData\Local\Temp\ccWajlTh.s:41     .text.abort:00000000 $t
C:\Users\NoteBook\AppData\Local\Temp\ccWajlTh.s:46     .text.abort:00000000 abort
C:\Users\NoteBook\AppData\Local\Temp\ccWajlTh.s:69     .text.abort:00000010 $d
C:\Users\NoteBook\AppData\Local\Temp\ccWajlTh.s:74     .rodata.str1.4:00000000 $d
                     .debug_frame:00000010 $d
                           .group:00000000 wm4.0.a2f836f628cd58bfd83621916854a0d2
                           .group:00000000 wm4._newlib_version.h.4.ad342815780c8db09778091a421b5b5b
                           .group:00000000 wm4.newlib.h.21.0b9fc973bddc8b940a18de2b6ea6adc7
                           .group:00000000 wm4.features.h.22.5cdadbb3efe495d1c9e38350b8c376c7
                           .group:00000000 wm4.config.h.219.65a553ab5bef5482f0d7880b0d33015e
                           .group:00000000 wm4._ansi.h.23.9f8fcfa20193763fcf364fb91705c94b
                           .group:00000000 wm4.stdlib.h.13.4ed386f5c1a80d71e72172885d946ef2
                           .group:00000000 wm4.stddef.h.187.e1c83cba2098ce92b68f6311de19e6b1
                           .group:00000000 wm4.stddef.h.39.57db33e786ccd422e31be63a26e19309
                           .group:00000000 wm4._default_types.h.6.35ee9e747940367bf2a634907d1c2382
                           .group:00000000 wm4.lock.h.2.9bc98482741e5e2a9450b12934a684ea
                           .group:00000000 wm4._types.h.125.5cf8a495f1f7ef36777ad868a1e32068
                           .group:00000000 wm4.stddef.h.161.5349cb105733e8777bfb0cf53c4e3f34
                           .group:00000000 wm4._types.h.183.c226d164ceca1f2ecb9ae9360c54a098
                           .group:00000000 wm4.reent.h.17.23b059516345f8f5abfa01ddc379570f
                           .group:00000000 wm4.cdefs.h.47.ba62642086d429b4f95c2381cae1c0aa
                           .group:00000000 wm4.alloca.h.8.dfc0c703c47ec3e69746825b17d9e66d
                           .group:00000000 wm4.stdlib.h.56.f7bb76d8eb43fb7e79a949819dbf4bda
                           .group:00000000 wm4.unistd.h.2.39165d5b7784d1815ef4b0c4be6df560
                           .group:00000000 wm4.types.h.40.e8c16e7ec36ba55f133d0616070e25fc
                           .group:00000000 wm4.stddef.h.161.19e15733342b50ead2919490b095303e
                           .group:00000000 wm4._stdint.h.10.7a5f60e6741af4a5594a3867d347e1f9
                           .group:00000000 wm4._endian.h.31.65a10590763c3dde1ac4a7f66d7d4891
                           .group:00000000 wm4.endian.h.9.49f3a4695c1b61e8a0808de3c4a106cb
                           .group:00000000 wm4._timeval.h.30.0e8bfd94e85db17dda3286ee81496fe6
                           .group:00000000 wm4.timespec.h.41.d855182eb0e690443ab8651bcedca6e1
                           .group:00000000 wm4.select.h.30.bbece7fa40993a78092dcc5805132560
                           .group:00000000 wm4.types.h.69.ed3eae3cf73030a737515151ebcab7a1
                           .group:00000000 wm4.unistd.h.156.74e26bdd1b78d9a50719dd472125647d

UNDEFINED SYMBOLS
trace_puts
