   1              		.syntax unified
   2              		.cpu cortex-m4
   3              		.fpu softvfp
   4              		.eabi_attribute 20, 1
   5              		.eabi_attribute 21, 1
   6              		.eabi_attribute 23, 3
   7              		.eabi_attribute 24, 1
   8              		.eabi_attribute 25, 1
   9              		.eabi_attribute 26, 1
  10              		.eabi_attribute 30, 1
  11              		.eabi_attribute 34, 1
  12              		.eabi_attribute 18, 4
  13              		.thumb
  14              		.syntax unified
  15              		.file	"GPIO_Program.c"
  16              		.text
  17              	.Ltext0:
  18              		.cfi_sections	.debug_frame
  19              		.section	.text.GPIO_enuInit,"ax",%progbits
  20              		.align	2
  21              		.global	GPIO_enuInit
  22              		.thumb
  23              		.thumb_func
  25              	GPIO_enuInit:
  26              	.LFB0:
  27              		.file 1 "../src/GPIO_Program.c"
   1:../src/GPIO_Program.c **** 
   2:../src/GPIO_Program.c **** #include"../include/STD_TYPES.h"
   3:../src/GPIO_Program.c **** #include"../include/GPIO_Interface.h"
   4:../src/GPIO_Program.c **** 
   5:../src/GPIO_Program.c **** 
   6:../src/GPIO_Program.c **** 
   7:../src/GPIO_Program.c **** 
   8:../src/GPIO_Program.c **** 
   9:../src/GPIO_Program.c **** 
  10:../src/GPIO_Program.c **** 
  11:../src/GPIO_Program.c **** 
  12:../src/GPIO_Program.c **** 
  13:../src/GPIO_Program.c **** /**
  14:../src/GPIO_Program.c ****  *@ Gpio_enuInit
  15:../src/GPIO_Program.c ****  *@ breif  :  Initialize the pins of the GPIO peripheral 
  16:../src/GPIO_Program.c ****  *@ param  :   Add_strPintConfg (GPIO_strPinConfg_t) : struct
  17:../src/GPIO_Program.c ****  *@
  18:../src/GPIO_Program.c ****  *@	       Add_strPintConfg -> GPIOMode : GPIO_MODE_INPUT_FLOATING 		           	   
  19:../src/GPIO_Program.c ****  *@                                       GPIO_MODE_INPUT_PU				              
  20:../src/GPIO_Program.c ****  *@                                       GPIO_MODE_INPUT_PD                                     
  21:../src/GPIO_Program.c ****  *@                                       GPIO_MODE_OUTPUT_PP				            
  22:../src/GPIO_Program.c ****  *@                                       GPIO_MODE_OUTPUT_PP_PU        	            
  23:../src/GPIO_Program.c ****  *@                                       GPIO_MODE_OUTPUT_PP_PD      	                            
  24:../src/GPIO_Program.c ****  *@                                       GPIO_MODE_OUTPUT_OPENDRAIN		            
  25:../src/GPIO_Program.c ****  *@                                       GPIO_MODE_OUTPUT_OPENDRAIN_PU               
  26:../src/GPIO_Program.c ****  *@                                       GPIO_MODE_OUTPUT_OPENDRAIN_PD                            
  27:../src/GPIO_Program.c ****  *@                                       GPIO_MODE_AF_PP					            
  28:../src/GPIO_Program.c ****  *@                                       GPIO_MODE_AF_PP_PU            	            
  29:../src/GPIO_Program.c ****  *@                                       GPIO_MODE_AF_PP_PD          	            
  30:../src/GPIO_Program.c ****  *@                                       GPIO_MODE_AF_OPENDRAIN			  
  31:../src/GPIO_Program.c ****  *@                                       GPIO_MODE_AF_OPENDRAIN_PU       
  32:../src/GPIO_Program.c ****  *@                                       GPIO_MODE_AF_OPENDRAIN_PD       
  33:../src/GPIO_Program.c ****  *@                                       GPIO_MODE_ANALOG	
  34:../src/GPIO_Program.c ****  *@ 
  35:../src/GPIO_Program.c ****  *@       Add_strPintConfg -> GPIOPort:   GPIOA  
  36:../src/GPIO_Program.c ****  *@										  GPIOB
  37:../src/GPIO_Program.c ****  *@										  GPIOC
  38:../src/GPIO_Program.c ****  *@										  GPIOD
  39:../src/GPIO_Program.c ****  *@										  GPIOE
  40:../src/GPIO_Program.c ****  *@										  GPIOH
  41:../src/GPIO_Program.c ****  *@
  42:../src/GPIO_Program.c ****  *@      Add_strPintConfg -> GPIOSpeed :  GPIO_OUTPUT_SPEED_LOW                      
  43:../src/GPIO_Program.c ****  *@                                      GPIO_OUTPUT_SPEED_MEDIUM                      
  44:../src/GPIO_Program.c ****  *@                                      GPIO_OUTPUT_SPEED_HIGH                        
  45:../src/GPIO_Program.c ****  *@                                      GPIO_OUTPUT_SPEED_VERYHIGH                    
  46:../src/GPIO_Program.c ****  *@                                                                                    
  47:../src/GPIO_Program.c ****  *@     Add_strPintConfg -> GPIOPin   :   GPIO_PIN0 : GPIO_PIN15                               
  48:../src/GPIO_Program.c ****  *@                                                                                             
  49:../src/GPIO_Program.c ****  *@ return  :  error status  
  50:../src/GPIO_Program.c ****  */
  51:../src/GPIO_Program.c **** GPIO_enuErrorStatus_t GPIO_enuInit(GPIO_strPinConfg_t * Add_strPintConfg)
  52:../src/GPIO_Program.c **** {
  28              		.loc 1 52 0
  29              		.cfi_startproc
  30              		@ args = 0, pretend = 0, frame = 0
  31              		@ frame_needed = 0, uses_anonymous_args = 0
  32              		@ link register save eliminated.
  33              	.LVL0:
  53:../src/GPIO_Program.c **** 	
  54:../src/GPIO_Program.c **** 	GPIO_enuErrorStatus_t  Loc_enuRetError = GPIO_enuOK ;
  55:../src/GPIO_Program.c **** 	/* casting port variable to GPIOx_t data type*/
  56:../src/GPIO_Program.c **** 	//Add_strPintConfg -> GPIOPort = (GPIOx_t)(Add_strPintConfg -> GPIOPort);
  57:../src/GPIO_Program.c **** 	
  58:../src/GPIO_Program.c **** 	/**
  59:../src/GPIO_Program.c **** 	*@ VALIDATE input parameters
  60:../src/GPIO_Program.c **** 	*/
  61:../src/GPIO_Program.c **** 	if(Add_strPintConfg == NULL)
  34              		.loc 1 61 0
  35 0000 0028     		cmp	r0, #0
  36 0002 4CD0     		beq	.L5
  37 0004 0246     		mov	r2, r0
  62:../src/GPIO_Program.c **** 	{
  63:../src/GPIO_Program.c **** 		Loc_enuRetError = GPIO_enuNOK ;
  64:../src/GPIO_Program.c **** 	}
  65:../src/GPIO_Program.c **** 	else if((Add_strPintConfg->GPIOPort!=GPIOA)&&(Add_strPintConfg->GPIOPort!=GPIOB)&&(Add_strPintConf
  38              		.loc 1 65 0
  39 0006 0368     		ldr	r3, [r0]
  40 0008 2A49     		ldr	r1, .L12
  41 000a 8B42     		cmp	r3, r1
  42 000c 13D0     		beq	.L3
  43              		.loc 1 65 0 is_stmt 0 discriminator 1
  44 000e 01F58061 		add	r1, r1, #1024
  45 0012 8B42     		cmp	r3, r1
  46 0014 0FD0     		beq	.L3
  47              		.loc 1 65 0 discriminator 2
  48 0016 01F58061 		add	r1, r1, #1024
  49 001a 8B42     		cmp	r3, r1
  50 001c 0BD0     		beq	.L3
  51              		.loc 1 65 0 discriminator 3
  52 001e 01F58061 		add	r1, r1, #1024
  53 0022 8B42     		cmp	r3, r1
  54 0024 07D0     		beq	.L3
  55              		.loc 1 65 0 discriminator 4
  56 0026 01F58061 		add	r1, r1, #1024
  57 002a 8B42     		cmp	r3, r1
  58 002c 03D0     		beq	.L3
  59              		.loc 1 65 0 discriminator 5
  60 002e 01F54061 		add	r1, r1, #3072
  61 0032 8B42     		cmp	r3, r1
  62 0034 35D1     		bne	.L6
  63              	.L3:
  66:../src/GPIO_Program.c **** 	{
  67:../src/GPIO_Program.c **** 		Loc_enuRetError = GPIO_enuNOK ;
  68:../src/GPIO_Program.c **** 	}
  69:../src/GPIO_Program.c **** 	else if((Add_strPintConfg -> GPIOPin > GPIO_PIN15))
  64              		.loc 1 69 0 is_stmt 1
  65 0036 9188     		ldrh	r1, [r2, #4]
  66 0038 0F29     		cmp	r1, #15
  67 003a 34D8     		bhi	.L7
  70:../src/GPIO_Program.c **** 	{
  71:../src/GPIO_Program.c **** 		Loc_enuRetError = GPIO_enuNOK ;
  72:../src/GPIO_Program.c **** 	}
  73:../src/GPIO_Program.c **** 	else if(((Add_strPintConfg -> GPIOSpeed) > GPIO_OUTPUT_SPEED_VERYHIGH))
  68              		.loc 1 73 0
  69 003c D079     		ldrb	r0, [r2, #7]	@ zero_extendqisi2
  70              	.LVL1:
  71 003e 0328     		cmp	r0, #3
  72 0040 33D8     		bhi	.L8
  52:../src/GPIO_Program.c **** 	
  73              		.loc 1 52 0
  74 0042 10B4     		push	{r4}
  75              		.cfi_def_cfa_offset 4
  76              		.cfi_offset 4, -4
  77              	.LVL2:
  78              	.LBB2:
  74:../src/GPIO_Program.c **** 	{
  75:../src/GPIO_Program.c **** 		Loc_enuRetError = GPIO_enuNOK ;
  76:../src/GPIO_Program.c **** 	}
  77:../src/GPIO_Program.c **** 	else{
  78:../src/GPIO_Program.c **** 			u32 Loc_u32TempReg = 0;
  79:../src/GPIO_Program.c **** 			
  80:../src/GPIO_Program.c **** 			
  81:../src/GPIO_Program.c **** 			
  82:../src/GPIO_Program.c **** 			
  83:../src/GPIO_Program.c **** 			/* get the dirction mode  */
  84:../src/GPIO_Program.c **** 			Loc_u32TempReg = ((Add_strPintConfg->GPIOMode & GET_MODE_MASK)>>3);
  79              		.loc 1 84 0
  80 0044 9079     		ldrb	r0, [r2, #6]	@ zero_extendqisi2
  81 0046 C0F3C100 		ubfx	r0, r0, #3, #2
  82              	.LVL3:
  85:../src/GPIO_Program.c **** 			/* set mode register */
  86:../src/GPIO_Program.c **** 			Add_strPintConfg -> GPIOPort->MODEREG |= (Loc_u32TempReg<<((Add_strPintConfg->GPIOPin)*2));
  83              		.loc 1 86 0
  84 004a 1C68     		ldr	r4, [r3]
  85 004c 4900     		lsls	r1, r1, #1
  86 004e 00FA01F1 		lsl	r1, r0, r1
  87 0052 2143     		orrs	r1, r1, r4
  88 0054 1960     		str	r1, [r3]
  87:../src/GPIO_Program.c **** 			
  88:../src/GPIO_Program.c **** 			/*set out mode in case of OUTPUT_MODE or AF_MODE*/
  89:../src/GPIO_Program.c **** 			if((Loc_u32TempReg == OUTPUT_MODE)||(Loc_u32TempReg == AF_MODE))
  89              		.loc 1 89 0
  90 0056 0138     		subs	r0, r0, #1
  91              	.LVL4:
  92 0058 0128     		cmp	r0, #1
  93 005a 09D8     		bhi	.L4
  90:../src/GPIO_Program.c **** 			{
  91:../src/GPIO_Program.c **** 				/* get the output type mode  */
  92:../src/GPIO_Program.c **** 				Loc_u32TempReg = ((Add_strPintConfg->GPIOMode & GET_TYPE_MASK)>>2);
  94              		.loc 1 92 0
  95 005c 9379     		ldrb	r3, [r2, #6]	@ zero_extendqisi2
  96 005e C3F38001 		ubfx	r1, r3, #2, #1
  97              	.LVL5:
  93:../src/GPIO_Program.c **** 				/* set the output type register  */
  94:../src/GPIO_Program.c **** 				Add_strPintConfg -> GPIOPort->OTYPER |= (Loc_u32TempReg<<((Add_strPintConfg->GPIOPin)));
  98              		.loc 1 94 0
  99 0062 1068     		ldr	r0, [r2]
 100 0064 4468     		ldr	r4, [r0, #4]
 101 0066 9388     		ldrh	r3, [r2, #4]
 102 0068 01FA03F3 		lsl	r3, r1, r3
 103 006c 2343     		orrs	r3, r3, r4
 104 006e 4360     		str	r3, [r0, #4]
 105              	.LVL6:
 106              	.L4:
  95:../src/GPIO_Program.c **** 			}/*if*/
  96:../src/GPIO_Program.c **** 			
  97:../src/GPIO_Program.c **** 			/* get the pull up/pull down mode  */
  98:../src/GPIO_Program.c **** 			Loc_u32TempReg = ((Add_strPintConfg->GPIOMode & GET_PUPDR_MASK));
 107              		.loc 1 98 0
 108 0070 9179     		ldrb	r1, [r2, #6]	@ zero_extendqisi2
 109 0072 01F00301 		and	r1, r1, #3
 110              	.LVL7:
  99:../src/GPIO_Program.c **** 			/* SET PUP/PD Rgister  */
 100:../src/GPIO_Program.c **** 			Add_strPintConfg -> GPIOPort->PUPDR |= (Loc_u32TempReg<<((Add_strPintConfg->GPIOPin)*2));
 111              		.loc 1 100 0
 112 0076 1068     		ldr	r0, [r2]
 113 0078 C468     		ldr	r4, [r0, #12]
 114 007a 9388     		ldrh	r3, [r2, #4]
 115 007c 5B00     		lsls	r3, r3, #1
 116 007e 01FA03F3 		lsl	r3, r1, r3
 117 0082 2343     		orrs	r3, r3, r4
 118 0084 C360     		str	r3, [r0, #12]
 101:../src/GPIO_Program.c **** 			
 102:../src/GPIO_Program.c **** 			/*set output speed  in case of OUTPUT_MODE or AF_MODE*/
 103:../src/GPIO_Program.c **** 			if((Loc_u32TempReg == OUTPUT_MODE)||(Loc_u32TempReg == AF_MODE))
 119              		.loc 1 103 0
 120 0086 0139     		subs	r1, r1, #1
 121              	.LVL8:
 122 0088 0129     		cmp	r1, #1
 123 008a 10D8     		bhi	.L9
 104:../src/GPIO_Program.c **** 			{
 105:../src/GPIO_Program.c **** 				/* SET Speed Register  */
 106:../src/GPIO_Program.c **** 				Add_strPintConfg -> GPIOPort->OSPEEDR = ((Add_strPintConfg->GPIOSpeed)<<((Add_strPintConfg->GPI
 124              		.loc 1 106 0
 125 008c 1068     		ldr	r0, [r2]
 126 008e D179     		ldrb	r1, [r2, #7]	@ zero_extendqisi2
 127              	.LVL9:
 128 0090 9388     		ldrh	r3, [r2, #4]
 129 0092 5B00     		lsls	r3, r3, #1
 130 0094 01FA03F3 		lsl	r3, r1, r3
 131 0098 8360     		str	r3, [r0, #8]
 132              	.LBE2:
  54:../src/GPIO_Program.c **** 	/* casting port variable to GPIOx_t data type*/
 133              		.loc 1 54 0
 134 009a 0020     		movs	r0, #0
 135 009c 08E0     		b	.L2
 136              	.LVL10:
 137              	.L5:
 138              		.cfi_def_cfa_offset 0
 139              		.cfi_restore 4
  63:../src/GPIO_Program.c **** 	}
 140              		.loc 1 63 0
 141 009e 0120     		movs	r0, #1
 142              	.LVL11:
 143 00a0 7047     		bx	lr
 144              	.LVL12:
 145              	.L6:
  67:../src/GPIO_Program.c **** 	}
 146              		.loc 1 67 0
 147 00a2 0120     		movs	r0, #1
 148              	.LVL13:
 149 00a4 7047     		bx	lr
 150              	.LVL14:
 151              	.L7:
  71:../src/GPIO_Program.c **** 	}
 152              		.loc 1 71 0
 153 00a6 0120     		movs	r0, #1
 154              	.LVL15:
 107:../src/GPIO_Program.c **** 			}/*if*/
 108:../src/GPIO_Program.c **** 		
 109:../src/GPIO_Program.c **** 	}/*else*/
 110:../src/GPIO_Program.c **** 	
 111:../src/GPIO_Program.c **** 	return Loc_enuRetError ;
 112:../src/GPIO_Program.c **** }/*GPIO_enuInit*/
 155              		.loc 1 112 0
 156 00a8 7047     		bx	lr
 157              	.LVL16:
 158              	.L8:
  75:../src/GPIO_Program.c **** 	}
 159              		.loc 1 75 0
 160 00aa 0120     		movs	r0, #1
 161 00ac 7047     		bx	lr
 162              	.LVL17:
 163              	.L9:
 164              		.cfi_def_cfa_offset 4
 165              		.cfi_offset 4, -4
  54:../src/GPIO_Program.c **** 	/* casting port variable to GPIOx_t data type*/
 166              		.loc 1 54 0
 167 00ae 0020     		movs	r0, #0
 168              	.LVL18:
 169              	.L2:
 170              		.loc 1 112 0
 171 00b0 10BC     		pop	{r4}
 172              		.cfi_restore 4
 173              		.cfi_def_cfa_offset 0
 174 00b2 7047     		bx	lr
 175              	.L13:
 176              		.align	2
 177              	.L12:
 178 00b4 00000240 		.word	1073872896
 179              		.cfi_endproc
 180              	.LFE0:
 182              		.section	.text.GPIO_enuSetPinValue,"ax",%progbits
 183              		.align	2
 184              		.global	GPIO_enuSetPinValue
 185              		.thumb
 186              		.thumb_func
 188              	GPIO_enuSetPinValue:
 189              	.LFB1:
 113:../src/GPIO_Program.c **** 
 114:../src/GPIO_Program.c **** 
 115:../src/GPIO_Program.c **** 
 116:../src/GPIO_Program.c **** /**
 117:../src/GPIO_Program.c ****  *@ GPIO_enuSetPinVal
 118:../src/GPIO_Program.c ****  *@ breif  :  Set Pin to HIGH or to LOW 
 119:../src/GPIO_Program.c ****  *@ param  :   
 120:../src/GPIO_Program.c ****  *@
 121:../src/GPIO_Program.c ****  *@       Add_u8PORT : GPIOA  
 122:../src/GPIO_Program.c ****  *@					   GPIOB
 123:../src/GPIO_Program.c ****  *@					   GPIOC
 124:../src/GPIO_Program.c ****  *@					   GPIOD
 125:../src/GPIO_Program.c ****  *@					   GPIOE
 126:../src/GPIO_Program.c ****  *@					   GPIOH
 127:../src/GPIO_Program.c ****  *@
 128:../src/GPIO_Program.c ****  *@                                                                                    
 129:../src/GPIO_Program.c ****  *@      Copy_u8PIN   :   GPIO_PIN0 : GPIO_PIN15 
 130:../src/GPIO_Program.c ****  *@ 
 131:../src/GPIO_Program.c ****  *@		 Copy_u8Val	  :  GPIO_HIGH
 132:../src/GPIO_Program.c ****  *@						 GPIO_LOW
 133:../src/GPIO_Program.c ****  *@                                                                                             
 134:../src/GPIO_Program.c ****  *@ return  :  error status  
 135:../src/GPIO_Program.c ****  */
 136:../src/GPIO_Program.c **** GPIO_enuErrorStatus_t GPIO_enuSetPinValue(GPIOx_t * Add_u8PORT , u8 Copy_u8PIN , u8 Copy_u8Val )
 137:../src/GPIO_Program.c **** {
 190              		.loc 1 137 0
 191              		.cfi_startproc
 192              		@ args = 0, pretend = 0, frame = 0
 193              		@ frame_needed = 0, uses_anonymous_args = 0
 194              		@ link register save eliminated.
 195              	.LVL19:
 138:../src/GPIO_Program.c **** 	GPIO_enuErrorStatus_t  Loc_enuRetError = GPIO_enuOK ;
 139:../src/GPIO_Program.c **** 	/* casting port variable to GPIOx_t data type*/
 140:../src/GPIO_Program.c **** 	//Add_u8PORT = (GPIOx_t)(Add_u8PORT)
 141:../src/GPIO_Program.c **** 	
 142:../src/GPIO_Program.c **** 	/**
 143:../src/GPIO_Program.c **** 	*@ VALIDATE input parameters
 144:../src/GPIO_Program.c **** 	*/
 145:../src/GPIO_Program.c **** 	if((Add_u8PORT!=GPIOA)&&(Add_u8PORT!=GPIOB)&&(Add_u8PORT!=GPIOC)&&(Add_u8PORT!=GPIOD)&&(Add_u8PORT
 196              		.loc 1 145 0
 197 0000 1A4B     		ldr	r3, .L22
 198 0002 9842     		cmp	r0, r3
 199 0004 13D0     		beq	.L15
 200              		.loc 1 145 0 is_stmt 0 discriminator 1
 201 0006 03F58063 		add	r3, r3, #1024
 202 000a 9842     		cmp	r0, r3
 203 000c 0FD0     		beq	.L15
 204              		.loc 1 145 0 discriminator 2
 205 000e 03F58063 		add	r3, r3, #1024
 206 0012 9842     		cmp	r0, r3
 207 0014 0BD0     		beq	.L15
 208              		.loc 1 145 0 discriminator 3
 209 0016 03F58063 		add	r3, r3, #1024
 210 001a 9842     		cmp	r0, r3
 211 001c 07D0     		beq	.L15
 212              		.loc 1 145 0 discriminator 4
 213 001e 03F58063 		add	r3, r3, #1024
 214 0022 9842     		cmp	r0, r3
 215 0024 03D0     		beq	.L15
 216              		.loc 1 145 0 discriminator 5
 217 0026 03F54063 		add	r3, r3, #3072
 218 002a 9842     		cmp	r0, r3
 219 002c 16D1     		bne	.L18
 220              	.L15:
 146:../src/GPIO_Program.c **** 	{
 147:../src/GPIO_Program.c **** 		Loc_enuRetError = GPIO_enuNOK ;
 148:../src/GPIO_Program.c **** 	}
 149:../src/GPIO_Program.c **** 	else if((Copy_u8PIN > GPIO_PIN15))
 221              		.loc 1 149 0 is_stmt 1
 222 002e 0F29     		cmp	r1, #15
 223 0030 16D8     		bhi	.L19
 150:../src/GPIO_Program.c **** 	{
 151:../src/GPIO_Program.c **** 		Loc_enuRetError = GPIO_enuNOK ;
 152:../src/GPIO_Program.c **** 	}
 153:../src/GPIO_Program.c **** 	else if((Copy_u8Val > GPIO_HIGH))
 224              		.loc 1 153 0
 225 0032 012A     		cmp	r2, #1
 226 0034 16D8     		bhi	.L20
 154:../src/GPIO_Program.c **** 	{
 155:../src/GPIO_Program.c **** 		Loc_enuRetError = GPIO_enuNOK ;
 156:../src/GPIO_Program.c **** 	}
 157:../src/GPIO_Program.c **** 	else{
 158:../src/GPIO_Program.c **** 			if(Copy_u8Val == GPIO_HIGH)
 227              		.loc 1 158 0
 228 0036 07D1     		bne	.L17
 159:../src/GPIO_Program.c **** 			{
 160:../src/GPIO_Program.c **** 				/* set pin as high*/
 161:../src/GPIO_Program.c **** 				Add_u8PORT->BSRR |= (1<<Copy_u8PIN);
 229              		.loc 1 161 0
 230 0038 8369     		ldr	r3, [r0, #24]
 231 003a 0122     		movs	r2, #1
 232              	.LVL20:
 233 003c 02FA01F1 		lsl	r1, r2, r1
 234              	.LVL21:
 235 0040 1943     		orrs	r1, r1, r3
 236 0042 8161     		str	r1, [r0, #24]
 138:../src/GPIO_Program.c **** 	/* casting port variable to GPIOx_t data type*/
 237              		.loc 1 138 0
 238 0044 0020     		movs	r0, #0
 239              	.LVL22:
 240 0046 7047     		bx	lr
 241              	.LVL23:
 242              	.L17:
 162:../src/GPIO_Program.c **** 			}
 163:../src/GPIO_Program.c **** 			else if(Copy_u8Val == GPIO_LOW)
 243              		.loc 1 163 0
 244 0048 72B9     		cbnz	r2, .L21
 164:../src/GPIO_Program.c **** 			{
 165:../src/GPIO_Program.c **** 				/*set pin as Low*/
 166:../src/GPIO_Program.c **** 				Add_u8PORT->BSRR |= (1<<(Copy_u8PIN + 16));
 245              		.loc 1 166 0
 246 004a 8369     		ldr	r3, [r0, #24]
 247 004c 1031     		adds	r1, r1, #16
 248              	.LVL24:
 249 004e 0122     		movs	r2, #1
 250              	.LVL25:
 251 0050 02FA01F1 		lsl	r1, r2, r1
 252 0054 1943     		orrs	r1, r1, r3
 253 0056 8161     		str	r1, [r0, #24]
 138:../src/GPIO_Program.c **** 	/* casting port variable to GPIOx_t data type*/
 254              		.loc 1 138 0
 255 0058 0020     		movs	r0, #0
 256              	.LVL26:
 257 005a 7047     		bx	lr
 258              	.LVL27:
 259              	.L18:
 147:../src/GPIO_Program.c **** 	}
 260              		.loc 1 147 0
 261 005c 0120     		movs	r0, #1
 262              	.LVL28:
 263 005e 7047     		bx	lr
 264              	.LVL29:
 265              	.L19:
 151:../src/GPIO_Program.c **** 	}
 266              		.loc 1 151 0
 267 0060 0120     		movs	r0, #1
 268              	.LVL30:
 269 0062 7047     		bx	lr
 270              	.LVL31:
 271              	.L20:
 155:../src/GPIO_Program.c **** 	}
 272              		.loc 1 155 0
 273 0064 0120     		movs	r0, #1
 274              	.LVL32:
 275 0066 7047     		bx	lr
 276              	.LVL33:
 277              	.L21:
 167:../src/GPIO_Program.c **** 			}
 168:../src/GPIO_Program.c **** 			else
 169:../src/GPIO_Program.c **** 			{
 170:../src/GPIO_Program.c **** 				Loc_enuRetError = GPIO_enuNOK ;
 278              		.loc 1 170 0
 279 0068 0120     		movs	r0, #1
 280              	.LVL34:
 171:../src/GPIO_Program.c **** 			}
 172:../src/GPIO_Program.c **** 			
 173:../src/GPIO_Program.c **** 	    }/*else*/
 174:../src/GPIO_Program.c **** 	
 175:../src/GPIO_Program.c **** 	return Loc_enuRetError ;
 176:../src/GPIO_Program.c **** }/*GPIO_enuSetPinVal*/
 281              		.loc 1 176 0
 282 006a 7047     		bx	lr
 283              	.L23:
 284              		.align	2
 285              	.L22:
 286 006c 00000240 		.word	1073872896
 287              		.cfi_endproc
 288              	.LFE1:
 290              		.section	.text.GPIO_enuGetPinValue,"ax",%progbits
 291              		.align	2
 292              		.global	GPIO_enuGetPinValue
 293              		.thumb
 294              		.thumb_func
 296              	GPIO_enuGetPinValue:
 297              	.LFB2:
 177:../src/GPIO_Program.c **** 
 178:../src/GPIO_Program.c **** 
 179:../src/GPIO_Program.c **** 
 180:../src/GPIO_Program.c **** /**
 181:../src/GPIO_Program.c ****  *@ GPIO_enuGetetPinVal
 182:../src/GPIO_Program.c ****  *@ breif  :  Get the value of the passed pin 
 183:../src/GPIO_Program.c ****  *@ param  :   
 184:../src/GPIO_Program.c ****  *@
 185:../src/GPIO_Program.c ****  *@       Add_u8PORT : GPIOA  
 186:../src/GPIO_Program.c ****  *@					   GPIOB
 187:../src/GPIO_Program.c ****  *@					   GPIOC
 188:../src/GPIO_Program.c ****  *@					   GPIOD
 189:../src/GPIO_Program.c ****  *@					   GPIOE
 190:../src/GPIO_Program.c ****  *@					   GPIOH
 191:../src/GPIO_Program.c ****  *@
 192:../src/GPIO_Program.c ****  *@                                                                                    
 193:../src/GPIO_Program.c ****  *@      Copy_u8PIN   :   GPIO_PIN0 : GPIO_PIN15 
 194:../src/GPIO_Program.c ****  *@ 
 195:../src/GPIO_Program.c ****  *@                                                                                             
 196:../src/GPIO_Program.c ****  *@ return  :  error status  
 197:../src/GPIO_Program.c ****  */
 198:../src/GPIO_Program.c **** GPIO_enuErrorStatus_t GPIO_enuGetPinValue(GPIOx_t * Add_u8PORT , u8 Copy_u8PIN , u8 * Add_u8Val )
 199:../src/GPIO_Program.c **** {
 298              		.loc 1 199 0
 299              		.cfi_startproc
 300              		@ args = 0, pretend = 0, frame = 0
 301              		@ frame_needed = 0, uses_anonymous_args = 0
 302              		@ link register save eliminated.
 303              	.LVL35:
 200:../src/GPIO_Program.c **** 	GPIO_enuErrorStatus_t  Loc_enuRetError = GPIO_enuOK ;
 201:../src/GPIO_Program.c **** 	/* casting port variable to GPIOx_t data type*/
 202:../src/GPIO_Program.c **** 	//Add_u8PORT = (GPIOx_t)(Add_u8PORT)
 203:../src/GPIO_Program.c **** 	
 204:../src/GPIO_Program.c **** 	/**
 205:../src/GPIO_Program.c **** 	*@ VALIDATE input parameters
 206:../src/GPIO_Program.c **** 	*/
 207:../src/GPIO_Program.c **** 	if((Add_u8PORT!=GPIOA)&&(Add_u8PORT!=GPIOB)&&(Add_u8PORT!=GPIOC)&&(Add_u8PORT!=GPIOD)&&(Add_u8PORT
 304              		.loc 1 207 0
 305 0000 134B     		ldr	r3, .L30
 306 0002 9842     		cmp	r0, r3
 307 0004 13D0     		beq	.L25
 308              		.loc 1 207 0 is_stmt 0 discriminator 1
 309 0006 03F58063 		add	r3, r3, #1024
 310 000a 9842     		cmp	r0, r3
 311 000c 0FD0     		beq	.L25
 312              		.loc 1 207 0 discriminator 2
 313 000e 03F58063 		add	r3, r3, #1024
 314 0012 9842     		cmp	r0, r3
 315 0014 0BD0     		beq	.L25
 316              		.loc 1 207 0 discriminator 3
 317 0016 03F58063 		add	r3, r3, #1024
 318 001a 9842     		cmp	r0, r3
 319 001c 07D0     		beq	.L25
 320              		.loc 1 207 0 discriminator 4
 321 001e 03F58063 		add	r3, r3, #1024
 322 0022 9842     		cmp	r0, r3
 323 0024 03D0     		beq	.L25
 324              		.loc 1 207 0 discriminator 5
 325 0026 03F54063 		add	r3, r3, #3072
 326 002a 9842     		cmp	r0, r3
 327 002c 0AD1     		bne	.L27
 328              	.L25:
 208:../src/GPIO_Program.c **** 	{
 209:../src/GPIO_Program.c **** 		Loc_enuRetError = GPIO_enuNOK ;
 210:../src/GPIO_Program.c **** 	}
 211:../src/GPIO_Program.c **** 	else if((Copy_u8PIN > GPIO_PIN15))
 329              		.loc 1 211 0 is_stmt 1
 330 002e 0F29     		cmp	r1, #15
 331 0030 0AD8     		bhi	.L28
 212:../src/GPIO_Program.c **** 	{
 213:../src/GPIO_Program.c **** 		Loc_enuRetError = GPIO_enuNOK ;
 214:../src/GPIO_Program.c **** 	}
 215:../src/GPIO_Program.c **** 	else if(Add_u8Val == NULL)
 332              		.loc 1 215 0
 333 0032 5AB1     		cbz	r2, .L29
 216:../src/GPIO_Program.c **** 	{
 217:../src/GPIO_Program.c **** 		Loc_enuRetError = GPIO_enuNOK ;
 218:../src/GPIO_Program.c **** 	}
 219:../src/GPIO_Program.c **** 	else{
 220:../src/GPIO_Program.c **** 			*Add_u8Val = ((Add_u8PORT->IDR>>Copy_u8PIN) & GET_FIRST_BIT);
 334              		.loc 1 220 0
 335 0034 0369     		ldr	r3, [r0, #16]
 336 0036 23FA01F1 		lsr	r1, r3, r1
 337              	.LVL36:
 338 003a 01F00101 		and	r1, r1, #1
 339 003e 1170     		strb	r1, [r2]
 200:../src/GPIO_Program.c **** 	/* casting port variable to GPIOx_t data type*/
 340              		.loc 1 200 0
 341 0040 0020     		movs	r0, #0
 342              	.LVL37:
 343 0042 7047     		bx	lr
 344              	.LVL38:
 345              	.L27:
 209:../src/GPIO_Program.c **** 	}
 346              		.loc 1 209 0
 347 0044 0120     		movs	r0, #1
 348              	.LVL39:
 349 0046 7047     		bx	lr
 350              	.LVL40:
 351              	.L28:
 213:../src/GPIO_Program.c **** 	}
 352              		.loc 1 213 0
 353 0048 0120     		movs	r0, #1
 354              	.LVL41:
 355 004a 7047     		bx	lr
 356              	.LVL42:
 357              	.L29:
 217:../src/GPIO_Program.c **** 	}
 358              		.loc 1 217 0
 359 004c 0120     		movs	r0, #1
 360              	.LVL43:
 221:../src/GPIO_Program.c **** 			
 222:../src/GPIO_Program.c **** 	    }/*else*/
 223:../src/GPIO_Program.c **** 	
 224:../src/GPIO_Program.c **** 	return Loc_enuRetError ;
 225:../src/GPIO_Program.c **** }/*GPIO_enuGetPinVal*/
 361              		.loc 1 225 0
 362 004e 7047     		bx	lr
 363              	.L31:
 364              		.align	2
 365              	.L30:
 366 0050 00000240 		.word	1073872896
 367              		.cfi_endproc
 368              	.LFE2:
 370              		.text
 371              	.Letext0:
 372              		.file 2 "../src/../include/STD_TYPES.h"
 373              		.file 3 "../src/../include/GPIO_Private.h"
 374              		.file 4 "../src/../include/GPIO_Interface.h"
DEFINED SYMBOLS
                            *ABS*:00000000 GPIO_Program.c
C:\Users\NoteBook\AppData\Local\Temp\cczQqCff.s:20     .text.GPIO_enuInit:00000000 $t
C:\Users\NoteBook\AppData\Local\Temp\cczQqCff.s:25     .text.GPIO_enuInit:00000000 GPIO_enuInit
C:\Users\NoteBook\AppData\Local\Temp\cczQqCff.s:178    .text.GPIO_enuInit:000000b4 $d
C:\Users\NoteBook\AppData\Local\Temp\cczQqCff.s:183    .text.GPIO_enuSetPinValue:00000000 $t
C:\Users\NoteBook\AppData\Local\Temp\cczQqCff.s:188    .text.GPIO_enuSetPinValue:00000000 GPIO_enuSetPinValue
C:\Users\NoteBook\AppData\Local\Temp\cczQqCff.s:286    .text.GPIO_enuSetPinValue:0000006c $d
C:\Users\NoteBook\AppData\Local\Temp\cczQqCff.s:291    .text.GPIO_enuGetPinValue:00000000 $t
C:\Users\NoteBook\AppData\Local\Temp\cczQqCff.s:296    .text.GPIO_enuGetPinValue:00000000 GPIO_enuGetPinValue
C:\Users\NoteBook\AppData\Local\Temp\cczQqCff.s:366    .text.GPIO_enuGetPinValue:00000050 $d
                     .debug_frame:00000010 $d
                           .group:00000000 wm4.0.a2f836f628cd58bfd83621916854a0d2
                           .group:00000000 wm4.STD_TYPES.h.13.cc1911f0678864fddfe0c8b29cbad0b2
                           .group:00000000 wm4.GPIO_Private.h.4.3719bdfc27fa1a22da01dca5d1f444d9

NO UNDEFINED SYMBOLS
